#-----------------------------------------------------------
# Vivado v2018.1 (64-bit)
# SW Build 2188600 on Wed Apr  4 18:40:38 MDT 2018
# IP Build 2185939 on Wed Apr  4 20:55:05 MDT 2018
# Start of session at: Tue Dec  4 11:47:06 2018
# Process ID: 7416
# Current directory: C:/Users/Anizetho/Documents/PyCharm/AES/AES_encoder/aes_encoder/verif/sim/aes_256_encrypt_tb/gen_aes_256_encrypt_tb
# Command line: vivado.exe -source loadwave.tcl
# Log file: C:/Users/Anizetho/Documents/PyCharm/AES/AES_encoder/aes_encoder/verif/sim/aes_256_encrypt_tb/gen_aes_256_encrypt_tb/vivado.log
# Journal file: C:/Users/Anizetho/Documents/PyCharm/AES/AES_encoder/aes_encoder/verif/sim/aes_256_encrypt_tb/gen_aes_256_encrypt_tb\vivado.jou
#-----------------------------------------------------------
start_gui
source loadwave.tcl
# open_wave_database mylib.aes_256_encrypt_tb.wdb
INFO: [IP_Flow 19-234] Refreshing IP repositories
INFO: [IP_Flow 19-1704] No user IP repositories specified
INFO: [IP_Flow 19-2313] Loaded Vivado IP repository 'C:/Xilinx/Vivado/Vivado/2018.1/data/ip'.
add_wave {{/aes_256_encrypt_tb/clock}} {{/aes_256_encrypt_tb/resetn}} {{/aes_256_encrypt_tb/aes_enable}} {{/aes_256_encrypt_tb/aes_valid}} {{/aes_256_encrypt_tb/aes_key}} {{/aes_256_encrypt_tb/aes_plaintext}} {{/aes_256_encrypt_tb/aes_ciphertext}} {{/aes_256_encrypt_tb/aes_cipher_valid}} {{/aes_256_encrypt_tb/aes_cipher_enable}} {{/aes_256_encrypt_tb/aes_cipher_key}} 
current_wave_config {Untitled 1*}
WARNING: [Wavedata 42-16] Error Unable to get wave configuration 'Untitled 1*'.
Untitled 1
add_wave {{/aes_256_encrypt_tb/i_aes_256_encrypt_stim/i_tbelib_io_read_rqst/rd_valid}} {{/aes_256_encrypt_tb/i_aes_256_encrypt_stim/i_tbelib_io_read_rqst/rd_enable}} {{/aes_256_encrypt_tb/i_aes_256_encrypt_stim/i_tbelib_io_read_rqst/rd_data}} 
current_wave_config {Untitled 1*}
WARNING: [Wavedata 42-16] Error Unable to get wave configuration 'Untitled 1*'.
Untitled 1
add_wave {{/aes_256_encrypt_tb/i_aes_256_encrypt_stim/aes_cipher_key}} {{/aes_256_encrypt_tb/i_aes_256_encrypt_stim/aes_cipher_plaintext}} {{/aes_256_encrypt_tb/i_aes_256_encrypt_stim/aes_cipher_mode}} 
current_wave_config {Untitled 1*}
WARNING: [Wavedata 42-16] Error Unable to get wave configuration 'Untitled 1*'.
Untitled 1
add_wave {{/aes_256_encrypt_tb/aes_key}} {{/aes_256_encrypt_tb/aes_plaintext}} {{/aes_256_encrypt_tb/aes_ciphertext}} {{/aes_256_encrypt_tb/aes_cipher_key}} {{/aes_256_encrypt_tb/aes_cipher_plaintext}} {{/aes_256_encrypt_tb/aes_cipher_mode}} 
current_wave_config {Untitled 1*}
WARNING: [Wavedata 42-16] Error Unable to get wave configuration 'Untitled 1*'.
Untitled 1
add_wave {{/aes_256_encrypt_tb/i_aes_encrypt_wrapper/aes_cipher_key}} {{/aes_256_encrypt_tb/i_aes_encrypt_wrapper/aes_cipher_plaintext}} {{/aes_256_encrypt_tb/i_aes_encrypt_wrapper/aes_cipher_mode}} 
current_wave_config {Untitled 1*}
WARNING: [Wavedata 42-16] Error Unable to get wave configuration 'Untitled 1*'.
Untitled 1
add_wave {{/aes_256_encrypt_tb/i_aes_encrypt_wrapper/i_aes_256_encrypt/start}} 
current_wave_config {Untitled 1*}
WARNING: [Wavedata 42-16] Error Unable to get wave configuration 'Untitled 1*'.
Untitled 1
add_wave {{/aes_256_encrypt_tb/i_aes_encrypt_wrapper/i_aes_256_encrypt/plaintext}} 
current_wave_config {Untitled 1*}
WARNING: [Wavedata 42-16] Error Unable to get wave configuration 'Untitled 1*'.
Untitled 1
add_wave {{/aes_256_encrypt_tb/i_aes_encrypt_wrapper/i_aes_256_encrypt/key_256}} 
current_wave_config {Untitled 1*}
WARNING: [Wavedata 42-16] Error Unable to get wave configuration 'Untitled 1*'.
Untitled 1
add_wave {{/aes_256_encrypt_tb/i_aes_encrypt_wrapper/i_aes_256_encrypt/ciphertext}} 
current_wave_config {Untitled 1*}
WARNING: [Wavedata 42-16] Error Unable to get wave configuration 'Untitled 1*'.
Untitled 1
add_wave {{/aes_256_encrypt_tb/i_aes_encrypt_wrapper/i_aes_256_encrypt/done}} 
close_sim
INFO: [Simtcl 6-16] Simulation closed
exit
INFO: [Common 17-206] Exiting Vivado at Tue Dec  4 11:57:44 2018...
